<?xml version="1.0" encoding="UTF-8"?>
<!-- Generated by org.testng.reporters.JUnitXMLReporter -->
<testsuite hostname="Ruban" failures="0" tests="4" name="Default test" time="43.609" errors="0" timestamp="3 Mar 2022 15:59:45 GMT">
  <testcase classname="org.test.Test3" name="tc1" time="3.849"/>
  <testcase classname="org.test.Test3" name="tc1" time="20.4"/>
  <testcase classname="org.test.Test3" name="tc1" time="9.621"/>
  <testcase classname="org.test.Test3" name="tc1" time="2.798"/>
</testsuite> <!-- Default test -->
