<?xml version="1.0" encoding="UTF-8"?>
<!-- Generated by org.testng.reporters.JUnitXMLReporter -->
<testsuite hostname="Ruban" failures="0" tests="4" name="Test" time="44.626" errors="0" timestamp="4 Mar 2022 12:03:58 GMT">
  <testcase classname="org.test.Test1" name="tc1" time="2.651"/>
  <testcase classname="org.test.Test1" name="tc1" time="20.599"/>
  <testcase classname="org.test.Test1" name="tc1" time="10.017"/>
  <testcase classname="org.test.Test1" name="tc1" time="2.764"/>
</testsuite> <!-- Test -->
