<?xml version="1.0" encoding="UTF-8"?>
<testng-results total="4" passed="4" failed="0" skipped="0">
  <reporter-output>
  </reporter-output>
  <suite started-at="2022-03-04T12:03:14Z" name="Suite" finished-at="2022-03-04T12:03:58Z" duration-ms="44626">
    <groups>
    </groups>
    <test started-at="2022-03-04T12:03:14Z" name="Test" finished-at="2022-03-04T12:03:58Z" duration-ms="44626">
      <class name="org.test.Test1">
        <test-method is-config="true" signature="lanchBrowser()[pri:0, instance:org.test.Test1@f79e]" started-at="2022-03-04T17:33:14Z" name="lanchBrowser" finished-at="2022-03-04T17:33:18Z" duration-ms="4254" status="PASS">
          <reporter-output>
          </reporter-output>
        </test-method> <!-- lanchBrowser -->
        <test-method signature="tc1(java.lang.String, java.lang.String)[pri:0, instance:org.test.Test1@f79e]" started-at="2022-03-04T17:33:18Z" name="tc1" data-provider="invalidId" finished-at="2022-03-04T17:33:21Z" duration-ms="2651" status="PASS">
          <params>
            <param index="0">
              <value>
                <![CDATA[Ruban]]>
              </value>
            </param>
            <param index="1">
              <value>
                <![CDATA[Ruban1234]]>
              </value>
            </param>
          </params>
          <reporter-output>
          </reporter-output>
        </test-method> <!-- tc1 -->
        <test-method signature="tc1(java.lang.String, java.lang.String)[pri:0, instance:org.test.Test1@f79e]" started-at="2022-03-04T17:33:21Z" name="tc1" data-provider="invalidId" finished-at="2022-03-04T17:33:41Z" duration-ms="20599" status="PASS">
          <params>
            <param index="0">
              <value>
                <![CDATA[Rajendran]]>
              </value>
            </param>
            <param index="1">
              <value>
                <![CDATA[Rajendran12345]]>
              </value>
            </param>
          </params>
          <reporter-output>
          </reporter-output>
        </test-method> <!-- tc1 -->
        <test-method signature="tc1(java.lang.String, java.lang.String)[pri:0, instance:org.test.Test1@f79e]" started-at="2022-03-04T17:33:41Z" name="tc1" data-provider="invalidId" finished-at="2022-03-04T17:33:51Z" duration-ms="10017" status="PASS">
          <params>
            <param index="0">
              <value>
                <![CDATA[Rajesh]]>
              </value>
            </param>
            <param index="1">
              <value>
                <![CDATA[Rajesh12345]]>
              </value>
            </param>
          </params>
          <reporter-output>
          </reporter-output>
        </test-method> <!-- tc1 -->
        <test-method signature="tc1(java.lang.String, java.lang.String)[pri:0, instance:org.test.Test1@f79e]" started-at="2022-03-04T17:33:51Z" name="tc1" data-provider="invalidId" finished-at="2022-03-04T17:33:54Z" duration-ms="2764" status="PASS">
          <params>
            <param index="0">
              <value>
                <![CDATA[Rakshee]]>
              </value>
            </param>
            <param index="1">
              <value>
                <![CDATA[Rakshee12345]]>
              </value>
            </param>
          </params>
          <reporter-output>
          </reporter-output>
        </test-method> <!-- tc1 -->
        <test-method is-config="true" signature="closeTheDriver()[pri:0, instance:org.test.Test1@f79e]" started-at="2022-03-04T17:33:54Z" name="closeTheDriver" finished-at="2022-03-04T17:33:58Z" duration-ms="4299" status="PASS">
          <reporter-output>
          </reporter-output>
        </test-method> <!-- closeTheDriver -->
      </class> <!-- org.test.Test1 -->
    </test> <!-- Test -->
  </suite> <!-- Suite -->
</testng-results>
